<!DOCTYPE suite SYSTEM "http://testng.org/testng-1.0.dtd">
<suite name="test4j">
	<test name="test4j">
		<groups>
			<run>
				<exclude name="broken" />
				<exclude name="debug" />
			</run>
		</groups>
		<packages>
			<package name="org.test4j.spec.*" />
		</packages>
	</test>
</suite>